2024-11-30 10:44:14,608 - Trump suit is: C
2024-11-30 10:44:14,608 - 
Player 0 is attacking Player 1
2024-11-30 10:44:14,608 - Attacker 0 played: [((2, 'D'), <State.OPEN: 'open'>)]
2024-11-30 10:44:14,608 - Player 1 successfully defended with: [(7, 'D')]
2024-11-30 10:44:14,609 - Player 0 hand: [(5, 'H'), (10, 'C'), (13, 'S'), (7, 'S'), (8, 'S'), (5, 'C')]
2024-11-30 10:44:14,609 - Player 1 hand: [(14, 'S'), (4, 'S'), (13, 'C'), (2, 'S'), (7, 'C'), (6, 'S')]
2024-11-30 10:44:14,609 - Player 2 hand: [(3, 'H'), (13, 'D'), (4, 'H'), (1, 'H'), (5, 'S'), (1, 'C')]
2024-11-30 10:44:14,609 - Player 3 hand: [(10, 'H'), (13, 'H'), (8, 'C'), (8, 'H'), (14, 'H'), (12, 'H')]
2024-11-30 10:44:14,609 - Player 4 hand: [(11, 'C'), (9, 'C'), (7, 'H'), (8, 'D'), (5, 'D'), (4, 'D')]
2024-11-30 10:44:14,609 - 
Player 1 is attacking Player 2
2024-11-30 10:44:14,609 - Attacker 1 played: [((2, 'S'), <State.OPEN: 'open'>)]
2024-11-30 10:44:14,610 - Player 2 successfully defended with: [(5, 'S')]
2024-11-30 10:44:14,610 - Player 0 hand: [(5, 'H'), (10, 'C'), (13, 'S'), (7, 'S'), (8, 'S'), (5, 'C')]
2024-11-30 10:44:14,610 - Player 1 hand: [(14, 'S'), (4, 'S'), (13, 'C'), (7, 'C'), (6, 'S'), (11, 'S')]
2024-11-30 10:44:14,610 - Player 2 hand: [(3, 'H'), (13, 'D'), (4, 'H'), (1, 'H'), (1, 'C'), (6, 'D')]
2024-11-30 10:44:14,610 - Player 3 hand: [(10, 'H'), (13, 'H'), (8, 'C'), (8, 'H'), (14, 'H'), (12, 'H')]
2024-11-30 10:44:14,610 - Player 4 hand: [(11, 'C'), (9, 'C'), (7, 'H'), (8, 'D'), (5, 'D'), (4, 'D')]
2024-11-30 10:44:14,610 - 
Player 2 is attacking Player 3
2024-11-30 10:44:14,610 - Attacker 2 played: [((1, 'H'), <State.OPEN: 'open'>)]
2024-11-30 10:44:14,610 - Player 3 successfully defended with: [(10, 'H')]
2024-11-30 10:44:14,611 - Player 0 hand: [(5, 'H'), (10, 'C'), (13, 'S'), (7, 'S'), (8, 'S'), (5, 'C')]
2024-11-30 10:44:14,611 - Player 1 hand: [(14, 'S'), (4, 'S'), (13, 'C'), (7, 'C'), (6, 'S'), (11, 'S')]
2024-11-30 10:44:14,611 - Player 2 hand: [(3, 'H'), (13, 'D'), (4, 'H'), (1, 'C'), (6, 'D'), (14, 'C')]
2024-11-30 10:44:14,611 - Player 3 hand: [(13, 'H'), (8, 'C'), (8, 'H'), (14, 'H'), (12, 'H'), (10, 'D')]
2024-11-30 10:44:14,611 - Player 4 hand: [(11, 'C'), (9, 'C'), (7, 'H'), (8, 'D'), (5, 'D'), (4, 'D')]
2024-11-30 10:44:14,611 - 
Player 3 is attacking Player 4
2024-11-30 10:44:14,611 - Attacker 3 played: [((8, 'H'), <State.OPEN: 'open'>)]
2024-11-30 10:44:14,611 - Player 4 successfully defended with: [(11, 'C')]
2024-11-30 10:44:14,611 - Player 0 hand: [(5, 'H'), (10, 'C'), (13, 'S'), (7, 'S'), (8, 'S'), (5, 'C')]
2024-11-30 10:44:14,611 - Player 1 hand: [(14, 'S'), (4, 'S'), (13, 'C'), (7, 'C'), (6, 'S'), (11, 'S')]
2024-11-30 10:44:14,611 - Player 2 hand: [(3, 'H'), (13, 'D'), (4, 'H'), (1, 'C'), (6, 'D'), (14, 'C')]
2024-11-30 10:44:14,611 - Player 3 hand: [(13, 'H'), (8, 'C'), (14, 'H'), (12, 'H'), (10, 'D'), (11, 'D')]
2024-11-30 10:44:14,612 - Player 4 hand: [(9, 'C'), (7, 'H'), (8, 'D'), (5, 'D'), (4, 'D'), (3, 'D')]
2024-11-30 10:44:14,612 - 
Player 4 is attacking Player 0
2024-11-30 10:44:14,612 - Attacker 4 played: [((3, 'D'), <State.OPEN: 'open'>)]
2024-11-30 10:44:14,613 - Player 0 successfully defended with: [(10, 'C')]
2024-11-30 10:44:14,613 - Player 0 hand: [(5, 'H'), (13, 'S'), (7, 'S'), (8, 'S'), (5, 'C'), (1, 'D')]
2024-11-30 10:44:14,613 - Player 1 hand: [(14, 'S'), (4, 'S'), (13, 'C'), (7, 'C'), (6, 'S'), (11, 'S')]
2024-11-30 10:44:14,613 - Player 2 hand: [(3, 'H'), (13, 'D'), (4, 'H'), (1, 'C'), (6, 'D'), (14, 'C')]
2024-11-30 10:44:14,613 - Player 3 hand: [(13, 'H'), (8, 'C'), (14, 'H'), (12, 'H'), (10, 'D'), (11, 'D')]
2024-11-30 10:44:14,613 - Player 4 hand: [(9, 'C'), (7, 'H'), (8, 'D'), (5, 'D'), (4, 'D'), (11, 'H')]
2024-11-30 10:44:14,613 - 
Player 0 is attacking Player 1
2024-11-30 10:44:14,614 - Attacker 0 played: [((1, 'D'), <State.OPEN: 'open'>)]
2024-11-30 10:44:14,614 - Player 1 successfully defended with: [(13, 'C')]
2024-11-30 10:44:14,614 - Player 0 hand: [(5, 'H'), (13, 'S'), (7, 'S'), (8, 'S'), (5, 'C'), (3, 'S')]
2024-11-30 10:44:14,614 - Player 1 hand: [(14, 'S'), (4, 'S'), (7, 'C'), (6, 'S'), (11, 'S'), (3, 'C')]
2024-11-30 10:44:14,614 - Player 2 hand: [(3, 'H'), (13, 'D'), (4, 'H'), (1, 'C'), (6, 'D'), (14, 'C')]
2024-11-30 10:44:14,614 - Player 3 hand: [(13, 'H'), (8, 'C'), (14, 'H'), (12, 'H'), (10, 'D'), (11, 'D')]
2024-11-30 10:44:14,614 - Player 4 hand: [(9, 'C'), (7, 'H'), (8, 'D'), (5, 'D'), (4, 'D'), (11, 'H')]
2024-11-30 10:44:14,615 - 
Player 1 is attacking Player 2
2024-11-30 10:44:14,615 - Attacker 1 played: [((4, 'S'), <State.OPEN: 'open'>)]
2024-11-30 10:44:14,615 - Player 2 successfully defended with: [(1, 'C')]
2024-11-30 10:44:14,615 - Player 0 hand: [(5, 'H'), (13, 'S'), (7, 'S'), (8, 'S'), (5, 'C'), (3, 'S')]
2024-11-30 10:44:14,615 - Player 1 hand: [(14, 'S'), (7, 'C'), (6, 'S'), (11, 'S'), (3, 'C'), (12, 'C')]
2024-11-30 10:44:14,615 - Player 2 hand: [(3, 'H'), (13, 'D'), (4, 'H'), (6, 'D'), (14, 'C'), (6, 'H')]
2024-11-30 10:44:14,616 - Player 3 hand: [(13, 'H'), (8, 'C'), (14, 'H'), (12, 'H'), (10, 'D'), (11, 'D')]
2024-11-30 10:44:14,616 - Player 4 hand: [(9, 'C'), (7, 'H'), (8, 'D'), (5, 'D'), (4, 'D'), (11, 'H')]
2024-11-30 10:44:14,616 - 
Player 2 is attacking Player 3
2024-11-30 10:44:14,616 - Attacker 2 played: [((3, 'H'), <State.OPEN: 'open'>)]
2024-11-30 10:44:14,616 - Player 3 successfully defended with: [(13, 'H')]
2024-11-30 10:44:14,616 - Player 0 hand: [(5, 'H'), (13, 'S'), (7, 'S'), (8, 'S'), (5, 'C'), (3, 'S')]
2024-11-30 10:44:14,616 - Player 1 hand: [(14, 'S'), (7, 'C'), (6, 'S'), (11, 'S'), (3, 'C'), (12, 'C')]
2024-11-30 10:44:14,617 - Player 2 hand: [(13, 'D'), (4, 'H'), (6, 'D'), (14, 'C'), (6, 'H'), (12, 'S')]
2024-11-30 10:44:14,617 - Player 3 hand: [(8, 'C'), (14, 'H'), (12, 'H'), (10, 'D'), (11, 'D'), (9, 'H')]
2024-11-30 10:44:14,617 - Player 4 hand: [(9, 'C'), (7, 'H'), (8, 'D'), (5, 'D'), (4, 'D'), (11, 'H')]
2024-11-30 10:44:14,617 - 
Player 3 is attacking Player 4
2024-11-30 10:44:14,617 - Attacker 3 played: [((9, 'H'), <State.OPEN: 'open'>)]
2024-11-30 10:44:14,617 - Player 4 successfully defended with: [(11, 'H')]
2024-11-30 10:44:14,618 - Player 0 hand: [(5, 'H'), (13, 'S'), (7, 'S'), (8, 'S'), (5, 'C'), (3, 'S')]
2024-11-30 10:44:14,618 - Player 1 hand: [(14, 'S'), (7, 'C'), (6, 'S'), (11, 'S'), (3, 'C'), (12, 'C')]
2024-11-30 10:44:14,618 - Player 2 hand: [(13, 'D'), (4, 'H'), (6, 'D'), (14, 'C'), (6, 'H'), (12, 'S')]
2024-11-30 10:44:14,618 - Player 3 hand: [(8, 'C'), (14, 'H'), (12, 'H'), (10, 'D'), (11, 'D'), (4, 'C')]
2024-11-30 10:44:14,618 - Player 4 hand: [(9, 'C'), (7, 'H'), (8, 'D'), (5, 'D'), (4, 'D'), (1, 'S')]
2024-11-30 10:44:14,618 - 
Player 4 is attacking Player 0
2024-11-30 10:44:14,619 - Attacker 4 played: [((1, 'S'), <State.OPEN: 'open'>)]
2024-11-30 10:44:14,619 - Player 0 successfully defended with: [(13, 'S')]
2024-11-30 10:44:14,619 - Player 0 hand: [(5, 'H'), (7, 'S'), (8, 'S'), (5, 'C'), (3, 'S'), (12, 'D')]
2024-11-30 10:44:14,619 - Player 1 hand: [(14, 'S'), (7, 'C'), (6, 'S'), (11, 'S'), (3, 'C'), (12, 'C')]
2024-11-30 10:44:14,619 - Player 2 hand: [(13, 'D'), (4, 'H'), (6, 'D'), (14, 'C'), (6, 'H'), (12, 'S')]
2024-11-30 10:44:14,619 - Player 3 hand: [(8, 'C'), (14, 'H'), (12, 'H'), (10, 'D'), (11, 'D'), (4, 'C')]
2024-11-30 10:44:14,619 - Player 4 hand: [(9, 'C'), (7, 'H'), (8, 'D'), (5, 'D'), (4, 'D'), (10, 'S')]
2024-11-30 10:44:14,620 - 
Player 0 is attacking Player 1
2024-11-30 10:44:14,620 - Attacker 0 played: [((3, 'S'), <State.OPEN: 'open'>)]
2024-11-30 10:44:14,620 - Player 1 successfully defended with: [(14, 'S')]
2024-11-30 10:44:14,620 - Player 0 hand: [(5, 'H'), (7, 'S'), (8, 'S'), (5, 'C'), (12, 'D'), (9, 'D')]
2024-11-30 10:44:14,620 - Player 1 hand: [(7, 'C'), (6, 'S'), (11, 'S'), (3, 'C'), (12, 'C'), (2, 'C')]
2024-11-30 10:44:14,620 - Player 2 hand: [(13, 'D'), (4, 'H'), (6, 'D'), (14, 'C'), (6, 'H'), (12, 'S')]
2024-11-30 10:44:14,620 - Player 3 hand: [(8, 'C'), (14, 'H'), (12, 'H'), (10, 'D'), (11, 'D'), (4, 'C')]
2024-11-30 10:44:14,620 - Player 4 hand: [(9, 'C'), (7, 'H'), (8, 'D'), (5, 'D'), (4, 'D'), (10, 'S')]
2024-11-30 10:44:14,621 - 
Player 1 is attacking Player 2
2024-11-30 10:44:14,621 - Attacker 1 played: [((6, 'S'), <State.OPEN: 'open'>)]
2024-11-30 10:44:14,621 - Player 2 successfully defended with: [(12, 'S')]
2024-11-30 10:44:14,621 - Player 0 hand: [(5, 'H'), (7, 'S'), (8, 'S'), (5, 'C'), (12, 'D'), (9, 'D')]
2024-11-30 10:44:14,621 - Player 1 hand: [(7, 'C'), (11, 'S'), (3, 'C'), (12, 'C'), (2, 'C'), (9, 'S')]
2024-11-30 10:44:14,621 - Player 2 hand: [(13, 'D'), (4, 'H'), (6, 'D'), (14, 'C'), (6, 'H'), (14, 'D')]
2024-11-30 10:44:14,621 - Player 3 hand: [(8, 'C'), (14, 'H'), (12, 'H'), (10, 'D'), (11, 'D'), (4, 'C')]
2024-11-30 10:44:14,621 - Player 4 hand: [(9, 'C'), (7, 'H'), (8, 'D'), (5, 'D'), (4, 'D'), (10, 'S')]
2024-11-30 10:44:14,621 - 
Player 2 is attacking Player 3
2024-11-30 10:44:14,622 - Attacker 2 played: [((4, 'H'), <State.OPEN: 'open'>)]
2024-11-30 10:44:14,622 - Player 3 successfully defended with: [(14, 'H')]
2024-11-30 10:44:14,622 - Player 0 hand: [(5, 'H'), (7, 'S'), (8, 'S'), (5, 'C'), (12, 'D'), (9, 'D')]
2024-11-30 10:44:14,622 - Player 1 hand: [(7, 'C'), (11, 'S'), (3, 'C'), (12, 'C'), (2, 'C'), (9, 'S')]
2024-11-30 10:44:14,623 - Player 2 hand: [(13, 'D'), (6, 'D'), (14, 'C'), (6, 'H'), (14, 'D'), (2, 'H')]
2024-11-30 10:44:14,623 - Player 3 hand: [(8, 'C'), (12, 'H'), (10, 'D'), (11, 'D'), (4, 'C'), (6, 'C')]
2024-11-30 10:44:14,623 - Player 4 hand: [(9, 'C'), (7, 'H'), (8, 'D'), (5, 'D'), (4, 'D'), (10, 'S')]
2024-11-30 10:44:14,623 - 
Player 3 is attacking Player 4
2024-11-30 10:44:14,623 - Attacker 3 played: [((10, 'D'), <State.OPEN: 'open'>)]
2024-11-30 10:44:14,623 - Player 4 successfully defended with: [(9, 'C')]
2024-11-30 10:44:14,623 - Player 0 hand: [(5, 'H'), (7, 'S'), (8, 'S'), (5, 'C'), (12, 'D'), (9, 'D')]
2024-11-30 10:44:14,623 - Player 1 hand: [(7, 'C'), (11, 'S'), (3, 'C'), (12, 'C'), (2, 'C'), (9, 'S')]
2024-11-30 10:44:14,624 - Player 2 hand: [(13, 'D'), (6, 'D'), (14, 'C'), (6, 'H'), (14, 'D'), (2, 'H')]
2024-11-30 10:44:14,624 - Player 3 hand: [(8, 'C'), (12, 'H'), (11, 'D'), (4, 'C'), (6, 'C')]
2024-11-30 10:44:14,624 - Player 4 hand: [(7, 'H'), (8, 'D'), (5, 'D'), (4, 'D'), (10, 'S')]
2024-11-30 10:44:14,624 - 
Player 4 is attacking Player 0
2024-11-30 10:44:14,624 - Attacker 4 played: [((4, 'D'), <State.OPEN: 'open'>)]
2024-11-30 10:44:14,624 - Player 0 successfully defended with: [(12, 'D')]
2024-11-30 10:44:14,625 - Player 0 hand: [(5, 'H'), (7, 'S'), (8, 'S'), (5, 'C'), (9, 'D')]
2024-11-30 10:44:14,625 - Player 1 hand: [(7, 'C'), (11, 'S'), (3, 'C'), (12, 'C'), (2, 'C'), (9, 'S')]
2024-11-30 10:44:14,625 - Player 2 hand: [(13, 'D'), (6, 'D'), (14, 'C'), (6, 'H'), (14, 'D'), (2, 'H')]
2024-11-30 10:44:14,625 - Player 3 hand: [(8, 'C'), (12, 'H'), (11, 'D'), (4, 'C'), (6, 'C')]
2024-11-30 10:44:14,625 - Player 4 hand: [(7, 'H'), (8, 'D'), (5, 'D'), (10, 'S')]
2024-11-30 10:44:14,625 - 
Player 0 is attacking Player 1
2024-11-30 10:44:14,625 - Attacker 0 played: [((5, 'H'), <State.OPEN: 'open'>)]
2024-11-30 10:44:14,626 - Player 1 successfully defended with: [(7, 'C')]
2024-11-30 10:44:14,626 - Player 0 hand: [(7, 'S'), (8, 'S'), (5, 'C'), (9, 'D')]
2024-11-30 10:44:14,626 - Player 1 hand: [(11, 'S'), (3, 'C'), (12, 'C'), (2, 'C'), (9, 'S')]
2024-11-30 10:44:14,626 - Player 2 hand: [(13, 'D'), (6, 'D'), (14, 'C'), (6, 'H'), (14, 'D'), (2, 'H')]
2024-11-30 10:44:14,627 - Player 3 hand: [(8, 'C'), (12, 'H'), (11, 'D'), (4, 'C'), (6, 'C')]
2024-11-30 10:44:14,627 - Player 4 hand: [(7, 'H'), (8, 'D'), (5, 'D'), (10, 'S')]
2024-11-30 10:44:14,627 - 
Player 1 is attacking Player 2
2024-11-30 10:44:14,627 - Attacker 1 played: [((9, 'S'), <State.OPEN: 'open'>)]
2024-11-30 10:44:14,627 - Player 2 successfully defended with: [(14, 'C')]
2024-11-30 10:44:14,627 - Player 0 hand: [(7, 'S'), (8, 'S'), (5, 'C'), (9, 'D')]
2024-11-30 10:44:14,627 - Player 1 hand: [(11, 'S'), (3, 'C'), (12, 'C'), (2, 'C')]
2024-11-30 10:44:14,628 - Player 2 hand: [(13, 'D'), (6, 'D'), (6, 'H'), (14, 'D'), (2, 'H')]
2024-11-30 10:44:14,628 - Player 3 hand: [(8, 'C'), (12, 'H'), (11, 'D'), (4, 'C'), (6, 'C')]
2024-11-30 10:44:14,628 - Player 4 hand: [(7, 'H'), (8, 'D'), (5, 'D'), (10, 'S')]
2024-11-30 10:44:14,628 - 
Player 2 is attacking Player 3
2024-11-30 10:44:14,628 - Attacker 2 played: [((2, 'H'), <State.OPEN: 'open'>)]
2024-11-30 10:44:14,628 - Player 3 successfully defended with: [(12, 'H')]
2024-11-30 10:44:14,628 - Player 0 hand: [(7, 'S'), (8, 'S'), (5, 'C'), (9, 'D')]
2024-11-30 10:44:14,628 - Player 1 hand: [(11, 'S'), (3, 'C'), (12, 'C'), (2, 'C')]
2024-11-30 10:44:14,628 - Player 2 hand: [(13, 'D'), (6, 'D'), (6, 'H'), (14, 'D')]
2024-11-30 10:44:14,628 - Player 3 hand: [(8, 'C'), (11, 'D'), (4, 'C'), (6, 'C')]
2024-11-30 10:44:14,628 - Player 4 hand: [(7, 'H'), (8, 'D'), (5, 'D'), (10, 'S')]
2024-11-30 10:44:14,629 - 
Player 3 is attacking Player 4
2024-11-30 10:44:14,629 - Attacker 3 played: [((11, 'D'), <State.OPEN: 'open'>)]
2024-11-30 10:44:14,629 - Player 4 failed to defend and picks up the cards.
2024-11-30 10:44:14,629 - Player 0 hand: [(7, 'S'), (8, 'S'), (5, 'C'), (9, 'D')]
2024-11-30 10:44:14,629 - Player 1 hand: [(11, 'S'), (3, 'C'), (12, 'C'), (2, 'C')]
2024-11-30 10:44:14,629 - Player 2 hand: [(13, 'D'), (6, 'D'), (6, 'H'), (14, 'D')]
2024-11-30 10:44:14,629 - Player 3 hand: [(8, 'C'), (4, 'C'), (6, 'C')]
2024-11-30 10:44:14,630 - Player 4 hand: [(7, 'H'), (8, 'D'), (5, 'D'), (10, 'S'), (11, 'D')]
2024-11-30 10:44:14,630 - 
Player 4 is attacking Player 0
2024-11-30 10:44:14,630 - Attacker 4 played: [((5, 'D'), <State.OPEN: 'open'>)]
2024-11-30 10:44:14,630 - Player 0 successfully defended with: [(9, 'D')]
2024-11-30 10:44:14,630 - Player 0 hand: [(7, 'S'), (8, 'S'), (5, 'C')]
2024-11-30 10:44:14,630 - Player 1 hand: [(11, 'S'), (3, 'C'), (12, 'C'), (2, 'C')]
2024-11-30 10:44:14,630 - Player 2 hand: [(13, 'D'), (6, 'D'), (6, 'H'), (14, 'D')]
2024-11-30 10:44:14,630 - Player 3 hand: [(8, 'C'), (4, 'C'), (6, 'C')]
2024-11-30 10:44:14,631 - Player 4 hand: [(7, 'H'), (8, 'D'), (10, 'S'), (11, 'D')]
2024-11-30 10:44:14,631 - 
Player 0 is attacking Player 1
2024-11-30 10:44:14,631 - Attacker 0 played: [((7, 'S'), <State.OPEN: 'open'>)]
2024-11-30 10:44:14,632 - Player 1 successfully defended with: [(11, 'S')]
2024-11-30 10:44:14,632 - Player 0 hand: [(8, 'S'), (5, 'C')]
2024-11-30 10:44:14,632 - Player 1 hand: [(3, 'C'), (12, 'C'), (2, 'C')]
2024-11-30 10:44:14,632 - Player 2 hand: [(13, 'D'), (6, 'D'), (6, 'H'), (14, 'D')]
2024-11-30 10:44:14,632 - Player 3 hand: [(8, 'C'), (4, 'C'), (6, 'C')]
2024-11-30 10:44:14,632 - Player 4 hand: [(7, 'H'), (8, 'D'), (10, 'S'), (11, 'D')]
2024-11-30 10:44:14,633 - 
Player 1 is attacking Player 2
2024-11-30 10:44:14,633 - Attacker 1 played: [((2, 'C'), <State.OPEN: 'open'>)]
2024-11-30 10:44:14,633 - Player 2 failed to defend and picks up the cards.
2024-11-30 10:44:14,633 - Player 0 hand: [(8, 'S'), (5, 'C')]
2024-11-30 10:44:14,633 - Player 1 hand: [(3, 'C'), (12, 'C')]
2024-11-30 10:44:14,633 - Player 2 hand: [(13, 'D'), (6, 'D'), (6, 'H'), (14, 'D'), (2, 'C')]
2024-11-30 10:44:14,633 - Player 3 hand: [(8, 'C'), (4, 'C'), (6, 'C')]
2024-11-30 10:44:14,634 - Player 4 hand: [(7, 'H'), (8, 'D'), (10, 'S'), (11, 'D')]
2024-11-30 10:44:14,634 - 
Player 2 is attacking Player 3
2024-11-30 10:44:14,634 - Attacker 2 played: [((6, 'D'), <State.OPEN: 'open'>), ((6, 'H'), <State.OPEN: 'open'>)]
2024-11-30 10:44:14,634 - Player 3 successfully defended with: [(8, 'C'), (4, 'C')]
2024-11-30 10:44:14,634 - Player 0 hand: [(8, 'S'), (5, 'C')]
2024-11-30 10:44:14,634 - Player 1 hand: [(3, 'C'), (12, 'C')]
2024-11-30 10:44:14,634 - Player 2 hand: [(13, 'D'), (14, 'D'), (2, 'C')]
2024-11-30 10:44:14,635 - Player 3 hand: [(6, 'C')]
2024-11-30 10:44:14,635 - Player 4 hand: [(7, 'H'), (8, 'D'), (10, 'S'), (11, 'D')]
2024-11-30 10:44:14,635 - 
Player 3 is attacking Player 4
2024-11-30 10:44:14,635 - Attacker 3 played: [((6, 'C'), <State.OPEN: 'open'>)]
2024-11-30 10:44:14,635 - Player 4 failed to defend and picks up the cards.
2024-11-30 10:44:14,635 - Player 3 IS OUT
2024-11-30 10:44:14,635 - Player 0 hand: [(8, 'S'), (5, 'C')]
2024-11-30 10:44:14,636 - Player 1 hand: [(3, 'C'), (12, 'C')]
2024-11-30 10:44:14,636 - Player 2 hand: [(13, 'D'), (14, 'D'), (2, 'C')]
2024-11-30 10:44:14,636 - Player 4 hand: [(7, 'H'), (8, 'D'), (10, 'S'), (11, 'D'), (6, 'C')]
2024-11-30 10:44:14,636 - 
Player 0 is attacking Player 1
2024-11-30 10:44:14,636 - Attacker 0 played: [((8, 'S'), <State.OPEN: 'open'>)]
2024-11-30 10:44:14,636 - Player 1 successfully defended with: [(3, 'C')]
2024-11-30 10:44:14,637 - Player 0 hand: [(5, 'C')]
2024-11-30 10:44:14,637 - Player 1 hand: [(12, 'C')]
2024-11-30 10:44:14,637 - Player 2 hand: [(13, 'D'), (14, 'D'), (2, 'C')]
2024-11-30 10:44:14,637 - Player 4 hand: [(7, 'H'), (8, 'D'), (10, 'S'), (11, 'D'), (6, 'C')]
2024-11-30 10:44:14,637 - 
Player 1 is attacking Player 2
2024-11-30 10:44:14,637 - Attacker 1 played: [((12, 'C'), <State.OPEN: 'open'>)]
2024-11-30 10:44:14,637 - Player 2 failed to defend and picks up the cards.
2024-11-30 10:44:14,638 - Player 1 IS OUT
2024-11-30 10:44:14,638 - Player 0 hand: [(5, 'C')]
2024-11-30 10:44:14,638 - Player 2 hand: [(13, 'D'), (14, 'D'), (2, 'C'), (12, 'C')]
2024-11-30 10:44:14,638 - Player 4 hand: [(7, 'H'), (8, 'D'), (10, 'S'), (11, 'D'), (6, 'C')]
2024-11-30 10:44:14,638 - 
Player 4 is attacking Player 0
2024-11-30 10:44:14,638 - Attacker 4 played: [((7, 'H'), <State.OPEN: 'open'>)]
2024-11-30 10:44:14,638 - Player 0 successfully defended with: [(5, 'C')]
2024-11-30 10:44:14,639 - Player 0 IS OUT
2024-11-30 10:44:14,639 - Player 2 hand: [(13, 'D'), (14, 'D'), (2, 'C'), (12, 'C')]
2024-11-30 10:44:14,639 - Player 4 hand: [(8, 'D'), (10, 'S'), (11, 'D'), (6, 'C')]
2024-11-30 10:44:14,639 - 
Player 4 is attacking Player 2
2024-11-30 10:44:14,639 - Attacker 4 played: [((8, 'D'), <State.OPEN: 'open'>)]
2024-11-30 10:44:14,639 - Player 2 successfully defended with: [(13, 'D')]
2024-11-30 10:44:14,640 - Player 2 hand: [(14, 'D'), (2, 'C'), (12, 'C')]
2024-11-30 10:44:14,640 - Player 4 hand: [(10, 'S'), (11, 'D'), (6, 'C')]
2024-11-30 10:44:14,640 - 
Player 2 is attacking Player 4
2024-11-30 10:44:14,640 - Attacker 2 played: [((14, 'D'), <State.OPEN: 'open'>)]
2024-11-30 10:44:14,640 - Player 4 successfully defended with: [(6, 'C')]
2024-11-30 10:44:14,640 - Player 2 hand: [(2, 'C'), (12, 'C')]
2024-11-30 10:44:14,640 - Player 4 hand: [(10, 'S'), (11, 'D')]
2024-11-30 10:44:14,640 - 
Player 4 is attacking Player 2
2024-11-30 10:44:14,641 - Attacker 4 played: [((10, 'S'), <State.OPEN: 'open'>)]
2024-11-30 10:44:14,641 - Player 2 successfully defended with: [(2, 'C')]
2024-11-30 10:44:14,641 - Player 2 hand: [(12, 'C')]
2024-11-30 10:44:14,641 - Player 4 hand: [(11, 'D')]
2024-11-30 10:44:14,641 - 
Player 2 is attacking Player 4
2024-11-30 10:44:14,641 - Attacker 2 played: [((12, 'C'), <State.OPEN: 'open'>)]
2024-11-30 10:44:14,641 - Player 4 failed to defend and picks up the cards.
2024-11-30 10:44:14,642 - Player 2 IS OUT
2024-11-30 10:44:14,642 - Player 4 hand: [(11, 'D'), (12, 'C')]
2024-11-30 10:44:14,642 - 
Game over!
2024-11-30 10:44:14,642 - Player 4 is the winner!
